Aida:0.125
Always with me - Spirited away:0.25
Amazing Grace:0.125
An den Mond D 259:0.3749000000000038
Aria con variazioni [HWV 430]:0.1967999999999961
Auld Lang Syne:0.25
Away in a Manger:0.25
Braid:0.125
Brandenbg.Konz. Nr.6 [BWV 1051.3] Thema:0.5
Brandenbg.Konz. Nr.6 [BWV 1051.3]:0.25
Carol of the bells:0.25
Cembalo konzert [1053.3]:0.375
Clair de Lune:0.10890000000000555
clockwatchers:0.25
Daar wordt aan de deur geklopt:0.25
Doggie in the window:0.25
Donkey Kong NES:0.25
Ellie's Theme from Pixar's Up Extended:0.25
Ellie's Theme from Pixar's Up:0.25
Heart and Soul:0.25
i'm ok if you're ok:0.25
Italienisches Konzert [BWV 971.3] (A+E):0.25
Jingle Bells:0.125
Last Wave - Outrun:0.25
Marines Hymn:0.25
Mario Bros theme:0.25
L. Mozart, menuet d minor:0.125
Mystic Tryst (compromise for music box scale v2):0.25
Mystic Tryst:0.25
Nausicaa's Lullaby :0.25
Nils Holgersson theme:0.25
O Bethlehem, du kleine Stadt:0.25
Prova:0.25
Praeambulum [927.8]:0.13230000000000075
Ritornell:0.25
Romeo & Juliet:0.25
Sonata no. 16:0.20829999999999948
Sonate A-Dur KV 331.1 (Thema)(E):0.25
Sonate A-Dur KV 331.1 (Thema):0.25
Sonate A-Dur KV 331.1 (Var. 4):0.25
Sonate A-Dur KV 331.1 (Var. 6):0.1074999999999875
Song of Storms:0.25
Sou Gan:0.25
Spanish song:0.125
Stand by me:0.25
Star Wars Cantina:0.125
Stille nacht:0.5
Street Piano Medley [3.Irish Tune]:0.25
Swan Lake:0.25
Te Deum Ouvertre:0.125
The Can-Can:0.25
The Entertainer (shorter):0.22529999999999983
The Entertainer (long):0.22520000000000007
Tiger - Rag:0.25
Tiny Wings 2.0 Teaser:0.25
We Wish You a Merry Xmas:0.24990000000000378
Bach - Well tempered Clavier BWV 850:0.24989999999999668
Wiegenlied (lullaby):0.25
Wilhelmus van Nassouwe:0.375
Winter Wrap Up:0.125
Wohlt Clav II Prael+Fuge I [BWV 870]:0.25
Wohltemp.Clavier II Prael+Fuga V [BWV 874]:0.25
Yoshi's Island - Story Music Box:0.25
Zauberflte [620.20]:0.125
Zauberflute [620.2]:0.25
